0 info it worked if it ends with ok
1 verbose cli [ '/usr/local/bin/node',
1 verbose cli   '/usr/local/bin/npm',
1 verbose cli   'install',
1 verbose cli   '-g',
1 verbose cli   'scope-chains-closures' ]
2 info using npm@2.14.12
3 info using node@v4.3.0
4 verbose install initial load of /usr/local/lib/package.json
5 verbose readDependencies loading dependencies from /usr/local/lib/package.json
6 silly cache add args [ 'scope-chains-closures', null ]
7 verbose cache add spec scope-chains-closures
8 silly cache add parsed spec Result {
8 silly cache add   raw: 'scope-chains-closures',
8 silly cache add   scope: null,
8 silly cache add   name: 'scope-chains-closures',
8 silly cache add   rawSpec: '',
8 silly cache add   spec: 'latest',
8 silly cache add   type: 'tag' }
9 silly addNamed scope-chains-closures@latest
10 verbose addNamed "latest" is being treated as a dist-tag for scope-chains-closures
11 info addNameTag [ 'scope-chains-closures', 'latest' ]
12 silly mapToRegistry name scope-chains-closures
13 silly mapToRegistry using default registry
14 silly mapToRegistry registry https://registry.npmjs.org/
15 silly mapToRegistry uri https://registry.npmjs.org/scope-chains-closures
16 verbose addNameTag registry:https://registry.npmjs.org/scope-chains-closures not in flight; fetching
17 verbose request uri https://registry.npmjs.org/scope-chains-closures
18 verbose request no auth needed
19 info attempt registry request try #1 at 10:21:24 PM
20 verbose request id 10fda391bf3518ce
21 http request GET https://registry.npmjs.org/scope-chains-closures
22 http 200 https://registry.npmjs.org/scope-chains-closures
23 verbose headers { server: 'CouchDB/1.5.0 (Erlang OTP/R16B03)',
23 verbose headers   etag: '"2UV3K5LGBG633XQ8MIKESJP41"',
23 verbose headers   'content-type': 'application/json',
23 verbose headers   'cache-control': 'max-age=300',
23 verbose headers   'content-length': '9164',
23 verbose headers   'accept-ranges': 'bytes',
23 verbose headers   date: 'Tue, 16 Feb 2016 16:51:27 GMT',
23 verbose headers   via: '1.1 varnish',
23 verbose headers   age: '0',
23 verbose headers   connection: 'keep-alive',
23 verbose headers   'x-served-by': 'cache-sin6922-SIN',
23 verbose headers   'x-cache': 'MISS',
23 verbose headers   'x-cache-hits': '0',
23 verbose headers   'x-timer': 'S1455641486.322711,VS0,VE976',
23 verbose headers   vary: 'Accept' }
24 silly get cb [ 200,
24 silly get   { server: 'CouchDB/1.5.0 (Erlang OTP/R16B03)',
24 silly get     etag: '"2UV3K5LGBG633XQ8MIKESJP41"',
24 silly get     'content-type': 'application/json',
24 silly get     'cache-control': 'max-age=300',
24 silly get     'content-length': '9164',
24 silly get     'accept-ranges': 'bytes',
24 silly get     date: 'Tue, 16 Feb 2016 16:51:27 GMT',
24 silly get     via: '1.1 varnish',
24 silly get     age: '0',
24 silly get     connection: 'keep-alive',
24 silly get     'x-served-by': 'cache-sin6922-SIN',
24 silly get     'x-cache': 'MISS',
24 silly get     'x-cache-hits': '0',
24 silly get     'x-timer': 'S1455641486.322711,VS0,VE976',
24 silly get     vary: 'Accept' } ]
25 verbose get saving scope-chains-closures to /Users/siddharthkinger/.npm/registry.npmjs.org/scope-chains-closures/.cache.json
26 silly addNameTag next cb for scope-chains-closures with tag latest
27 silly addNamed scope-chains-closures@1.0.4
28 verbose addNamed "1.0.4" is a plain semver version for scope-chains-closures
29 silly mapToRegistry name scope-chains-closures
30 silly mapToRegistry using default registry
31 silly mapToRegistry registry https://registry.npmjs.org/
32 silly mapToRegistry uri https://registry.npmjs.org/scope-chains-closures
33 verbose addRemoteTarball https://registry.npmjs.org/scope-chains-closures/-/scope-chains-closures-1.0.4.tgz not in flight; adding
34 verbose addRemoteTarball [ 'https://registry.npmjs.org/scope-chains-closures/-/scope-chains-closures-1.0.4.tgz',
34 verbose addRemoteTarball   'd3e9e7ad3fabc88cba31e0760fb0238717a885f7' ]
35 info retry fetch attempt 1 at 10:21:27 PM
36 info attempt registry request try #1 at 10:21:27 PM
37 http fetch GET https://registry.npmjs.org/scope-chains-closures/-/scope-chains-closures-1.0.4.tgz
38 http fetch 200 https://registry.npmjs.org/scope-chains-closures/-/scope-chains-closures-1.0.4.tgz
39 silly fetchAndShaCheck shasum d3e9e7ad3fabc88cba31e0760fb0238717a885f7
40 verbose addTmpTarball /var/folders/jy/2x7w4rbn4w73dsfhc9nkg7840000gn/T/npm-65545-1d7597eb/registry.npmjs.org/scope-chains-closures/-/scope-chains-closures-1.0.4.tgz not in flight; adding
41 verbose addTmpTarball already have metadata; skipping unpack for scope-chains-closures@1.0.4
42 silly cache afterAdd scope-chains-closures@1.0.4
43 verbose afterAdd /Users/siddharthkinger/.npm/scope-chains-closures/1.0.4/package/package.json not in flight; writing
44 verbose afterAdd /Users/siddharthkinger/.npm/scope-chains-closures/1.0.4/package/package.json written
45 silly install resolved [ { name: 'scope-chains-closures',
45 silly install resolved     version: '1.0.4',
45 silly install resolved     description: '',
45 silly install resolved     main: 'runner.js',
45 silly install resolved     bin: { 'scope-chains-closures': 'runner.js', sccjs: 'runner.js' },
45 silly install resolved     engineStrict: true,
45 silly install resolved     preferGlobal: true,
45 silly install resolved     repository:
45 silly install resolved      { type: 'git',
45 silly install resolved        url: 'https://github.com/jesstelford/scope-chains-closures' },
45 silly install resolved     bugs: { url: 'https://github.com/jesstelford/scope-chains-closures/issues' },
45 silly install resolved     scripts: { test: 'echo "Error: no test specified" && exit 1' },
45 silly install resolved     keywords:
45 silly install resolved      [ 'scope',
45 silly install resolved        'scope chain',
45 silly install resolved        'closure',
45 silly install resolved        'hoisting',
45 silly install resolved        'gc',
45 silly install resolved        'garbage collection',
45 silly install resolved        'nodeschool',
45 silly install resolved        'workshopper' ],
45 silly install resolved     author:
45 silly install resolved      { name: 'Jess Telford',
45 silly install resolved        email: 'hi@jes.st',
45 silly install resolved        url: 'http://jes.st' },
45 silly install resolved     license: 'MIT',
45 silly install resolved     dependencies:
45 silly install resolved      { adventure: '^2.10.0',
45 silly install resolved        'adventure-verify': '^2.2.0',
45 silly install resolved        'babel-core': '^5.4.3',
45 silly install resolved        escope: '^1.0.3',
45 silly install resolved        estraverse: '^4.1.0',
45 silly install resolved        msee: '^0.1.1' },
45 silly install resolved     gitHead: '5dd5246c394963ddd9a61d064491dd1c0a7c9c92',
45 silly install resolved     homepage: 'https://github.com/jesstelford/scope-chains-closures',
45 silly install resolved     _id: 'scope-chains-closures@1.0.4',
45 silly install resolved     _shasum: 'd3e9e7ad3fabc88cba31e0760fb0238717a885f7',
45 silly install resolved     _from: 'scope-chains-closures@latest',
45 silly install resolved     _npmVersion: '2.3.0',
45 silly install resolved     _nodeVersion: '1.0.4',
45 silly install resolved     _npmUser: { name: 'jesstelford', email: 'jess+npmjs@jes.st' },
45 silly install resolved     maintainers: [ [Object] ],
45 silly install resolved     dist:
45 silly install resolved      { shasum: 'd3e9e7ad3fabc88cba31e0760fb0238717a885f7',
45 silly install resolved        tarball: 'http://registry.npmjs.org/scope-chains-closures/-/scope-chains-closures-1.0.4.tgz' },
45 silly install resolved     directories: {},
45 silly install resolved     _resolved: 'https://registry.npmjs.org/scope-chains-closures/-/scope-chains-closures-1.0.4.tgz' } ]
46 info install scope-chains-closures@1.0.4 into /usr/local/lib
47 info installOne scope-chains-closures@1.0.4
48 verbose installOne of scope-chains-closures to /usr/local/lib not in flight; installing
49 verbose lock using /Users/siddharthkinger/.npm/_locks/scope-chains-closures-7a3aad0d06e453e4.lock for /usr/local/lib/node_modules/scope-chains-closures
50 silly install write writing scope-chains-closures 1.0.4 to /usr/local/lib/node_modules/scope-chains-closures
51 verbose unbuild lib/node_modules/scope-chains-closures
52 silly gentlyRm /usr/local/lib/node_modules/scope-chains-closures is being purged from base /usr/local
53 verbose gentlyRm don't care about contents; nuking /usr/local/lib/node_modules/scope-chains-closures
54 verbose tar unpack /Users/siddharthkinger/.npm/scope-chains-closures/1.0.4/package.tgz
55 verbose tar unpacking to /usr/local/lib/node_modules/scope-chains-closures
56 silly gentlyRm /usr/local/lib/node_modules/scope-chains-closures is being purged
57 verbose gentlyRm don't care about contents; nuking /usr/local/lib/node_modules/scope-chains-closures
58 silly gunzTarPerm modes [ '755', '644' ]
59 error tar.unpack untar error /Users/siddharthkinger/.npm/scope-chains-closures/1.0.4/package.tgz
60 verbose unlock done using /Users/siddharthkinger/.npm/_locks/scope-chains-closures-7a3aad0d06e453e4.lock for /usr/local/lib/node_modules/scope-chains-closures
61 verbose fstream_path /usr/local/lib/node_modules/scope-chains-closures
62 verbose fstream_type Directory
63 verbose fstream_class DirWriter
64 verbose stack Error: EACCES: permission denied, mkdir '/usr/local/lib/node_modules/scope-chains-closures'
64 verbose stack     at Error (native)
65 verbose fstream_stack /usr/local/lib/node_modules/npm/node_modules/fstream/lib/dir-writer.js:35:25
65 verbose fstream_stack /usr/local/lib/node_modules/npm/node_modules/mkdirp/index.js:47:53
65 verbose fstream_stack FSReqWrap.oncomplete (fs.js:82:15)
66 verbose cwd /Users/siddharthkinger/Documents/learnyounode_workshops
67 error Darwin 14.1.0
68 error argv "/usr/local/bin/node" "/usr/local/bin/npm" "install" "-g" "scope-chains-closures"
69 error node v4.3.0
70 error npm  v2.14.12
71 error path /usr/local/lib/node_modules/scope-chains-closures
72 error code EACCES
73 error errno -13
74 error syscall mkdir
75 error Error: EACCES: permission denied, mkdir '/usr/local/lib/node_modules/scope-chains-closures'
75 error     at Error (native)
75 error  { [Error: EACCES: permission denied, mkdir '/usr/local/lib/node_modules/scope-chains-closures']
75 error   errno: -13,
75 error   code: 'EACCES',
75 error   syscall: 'mkdir',
75 error   path: '/usr/local/lib/node_modules/scope-chains-closures',
75 error   fstream_type: 'Directory',
75 error   fstream_path: '/usr/local/lib/node_modules/scope-chains-closures',
75 error   fstream_class: 'DirWriter',
75 error   fstream_stack:
75 error    [ '/usr/local/lib/node_modules/npm/node_modules/fstream/lib/dir-writer.js:35:25',
75 error      '/usr/local/lib/node_modules/npm/node_modules/mkdirp/index.js:47:53',
75 error      'FSReqWrap.oncomplete (fs.js:82:15)' ] }
76 error Please try running this command again as root/Administrator.
77 verbose exit [ -13, true ]
78 verbose unbuild lib/node_modules/scope-chains-closures
79 silly gentlyRm /usr/local/lib/node_modules/scope-chains-closures is being purged from base /usr/local
80 verbose gentlyRm don't care about contents; nuking /usr/local/lib/node_modules/scope-chains-closures
